2018-10-16 15:41:23,009 INFO o.a.j.u.JMeterUtils: Setting Locale to en_EN
2018-10-16 15:41:23,044 INFO o.a.j.JMeter: Loading user properties from: user.properties
2018-10-16 15:41:23,044 INFO o.a.j.JMeter: Loading system properties from: system.properties
2018-10-16 15:41:23,052 INFO o.a.j.JMeter: Copyright (c) 1998-2018 The Apache Software Foundation
2018-10-16 15:41:23,052 INFO o.a.j.JMeter: Version 5.0 r1840935
2018-10-16 15:41:23,053 INFO o.a.j.JMeter: java.version=10.0.1
2018-10-16 15:41:23,053 INFO o.a.j.JMeter: java.vm.name=Java HotSpot(TM) 64-Bit Server VM
2018-10-16 15:41:23,053 INFO o.a.j.JMeter: os.name=Windows 10
2018-10-16 15:41:23,053 INFO o.a.j.JMeter: os.arch=amd64
2018-10-16 15:41:23,053 INFO o.a.j.JMeter: os.version=10.0
2018-10-16 15:41:23,054 INFO o.a.j.JMeter: file.encoding=Cp1252
2018-10-16 15:41:23,054 INFO o.a.j.JMeter: Max memory     =1073741824
2018-10-16 15:41:23,054 INFO o.a.j.JMeter: Available Processors =4
2018-10-16 15:41:23,069 INFO o.a.j.JMeter: Default Locale=English (EN)
2018-10-16 15:41:23,069 INFO o.a.j.JMeter: JMeter  Locale=English (EN)
2018-10-16 15:41:23,069 INFO o.a.j.JMeter: JMeterHome=D:\AnkitSingh\dummyProject\utsav\utsav-jmeter
2018-10-16 15:41:23,070 INFO o.a.j.JMeter: user.dir  =D:\AnkitSingh\dummyProject\utsav\utsav-jmeter\bin
2018-10-16 15:41:23,070 INFO o.a.j.JMeter: PWD       =D:\AnkitSingh\dummyProject\utsav\utsav-jmeter\bin
2018-10-16 15:41:27,582 INFO o.a.j.JMeter: IP: 10.0.75.1 Name: LAPTOP-1KK8TGLD FullName: LAPTOP-1KK8TGLD
2018-10-16 15:41:28,199 INFO o.a.j.g.a.LookAndFeelCommand: Installing Darcula LAF
2018-10-16 15:41:28,210 INFO o.a.j.g.a.LookAndFeelCommand: Using look and feel: com.bulenkov.darcula.DarculaLaf [Darcula]
2018-10-16 15:41:28,211 INFO o.a.j.JMeter: Setting LAF to: com.bulenkov.darcula.DarculaLaf
2018-10-16 15:41:28,354 INFO o.a.j.JMeter: Loaded icon properties from org/apache/jmeter/images/icon.properties
2018-10-16 15:41:28,921 INFO o.a.j.e.u.CompoundVariable: Note: Function class names must contain the string: '.functions.'
2018-10-16 15:41:28,921 INFO o.a.j.e.u.CompoundVariable: Note: Function class names must not contain the string: '.gui.'
2018-10-16 15:41:31,134 INFO o.a.j.p.h.s.HTTPSamplerBase: Parser for text/html is org.apache.jmeter.protocol.http.parser.LagartoBasedHtmlParser
2018-10-16 15:41:31,135 INFO o.a.j.p.h.s.HTTPSamplerBase: Parser for application/xhtml+xml is org.apache.jmeter.protocol.http.parser.LagartoBasedHtmlParser
2018-10-16 15:41:31,135 INFO o.a.j.p.h.s.HTTPSamplerBase: Parser for application/xml is org.apache.jmeter.protocol.http.parser.LagartoBasedHtmlParser
2018-10-16 15:41:31,135 INFO o.a.j.p.h.s.HTTPSamplerBase: Parser for text/xml is org.apache.jmeter.protocol.http.parser.LagartoBasedHtmlParser
2018-10-16 15:41:31,135 INFO o.a.j.p.h.s.HTTPSamplerBase: Parser for text/vnd.wap.wml is org.apache.jmeter.protocol.http.parser.RegexpHTMLParser
2018-10-16 15:41:31,136 INFO o.a.j.p.h.s.HTTPSamplerBase: Parser for text/css is org.apache.jmeter.protocol.http.parser.CssParser
2018-10-16 15:41:31,511 INFO o.a.j.e.KeyToolUtils: Exception checking for keytool existence, will return false, try another way.
2018-10-16 15:41:31,886 INFO o.a.j.e.KeyToolUtils: keytool found at 'D:\srijan\programfiles\Java\jre\bin\keytool'
2018-10-16 15:41:31,887 INFO o.a.j.p.h.p.ProxyControl: HTTP(S) Test Script Recorder SSL Proxy will use keys that support embedded 3rd party resources in file D:\AnkitSingh\dummyProject\utsav\utsav-jmeter\bin\proxyserver.jks
2018-10-16 15:41:32,090 INFO o.a.j.s.FileServer: Default base='D:\AnkitSingh\dummyProject\utsav\utsav-jmeter\bin'
2018-10-16 15:41:33,190 INFO o.a.j.s.SampleResult: Note: Sample TimeStamps are START times
2018-10-16 15:41:33,191 INFO o.a.j.s.SampleResult: sampleresult.default.encoding is set to ISO-8859-1
2018-10-16 15:41:33,191 INFO o.a.j.s.SampleResult: sampleresult.useNanoTime=true
2018-10-16 15:41:33,191 INFO o.a.j.s.SampleResult: sampleresult.nanoThreadSleep=5000
2018-10-16 15:42:37,312 INFO o.a.j.g.a.Load: Loading file: D:\AnkitSingh\dummyProject\utsav\utsav-jmeter\bin\utsav\script\utsav.jmx
2018-10-16 15:42:37,312 INFO o.a.j.s.FileServer: Set new base='D:\AnkitSingh\dummyProject\utsav\utsav-jmeter\bin\utsav\script'
2018-10-16 15:42:37,494 INFO o.a.j.s.SaveService: Testplan (JMX) version: 2.2. Testlog (JTL) version: 2.2
2018-10-16 15:42:37,516 INFO o.a.j.s.SaveService: Using SaveService properties version 5.0
2018-10-16 15:42:37,518 INFO o.a.j.s.SaveService: Using SaveService properties file encoding UTF-8
2018-10-16 15:42:37,520 INFO o.a.j.s.SaveService: Loading file: D:\AnkitSingh\dummyProject\utsav\utsav-jmeter\bin\utsav\script\utsav.jmx
2018-10-16 15:42:37,621 INFO o.a.j.p.h.c.CookieManager: Settings: Delete null: true Check: true Allow variable: true Save: false Prefix: COOKIE_
2018-10-16 15:42:37,841 INFO o.a.j.s.FileServer: Set new base='D:\AnkitSingh\dummyProject\utsav\utsav-jmeter\bin\utsav\script'
2018-10-16 15:52:56,492 INFO o.a.j.e.StandardJMeterEngine: Running the test!
2018-10-16 15:52:56,494 INFO o.a.j.s.SampleEvent: List of sample_variables: []
2018-10-16 15:52:56,494 INFO o.a.j.s.SampleEvent: List of sample_variables: []
2018-10-16 15:52:56,504 INFO o.a.j.g.u.JMeterMenuBar: setRunning(true, *local*)
2018-10-16 15:52:56,584 INFO o.a.j.e.StandardJMeterEngine: Starting ThreadGroup: 1 : Page Group
2018-10-16 15:52:56,585 INFO o.a.j.e.StandardJMeterEngine: Starting 1 threads for group Page Group.
2018-10-16 15:52:56,585 INFO o.a.j.e.StandardJMeterEngine: Thread will continue on error
2018-10-16 15:52:56,585 INFO o.a.j.t.ThreadGroup: Starting thread group... number=1 threads=1 ramp-up=1 perThread=1000.0 delayedStart=false
2018-10-16 15:52:56,589 INFO o.a.j.t.ThreadGroup: Started thread group number 1
2018-10-16 15:52:56,590 INFO o.a.j.e.StandardJMeterEngine: Starting ThreadGroup: 2 : Checkout Flow 
2018-10-16 15:52:56,590 INFO o.a.j.e.StandardJMeterEngine: Starting 1 threads for group Checkout Flow .
2018-10-16 15:52:56,590 INFO o.a.j.e.StandardJMeterEngine: Thread will continue on error
2018-10-16 15:52:56,591 INFO o.a.j.t.ThreadGroup: Starting thread group... number=2 threads=1 ramp-up=1 perThread=1000.0 delayedStart=false
2018-10-16 15:52:56,592 INFO o.a.j.t.ThreadGroup: Started thread group number 2
2018-10-16 15:52:56,593 INFO o.a.j.e.StandardJMeterEngine: All thread groups have been started
2018-10-16 15:52:56,596 INFO o.a.j.t.JMeterThread: Thread started: Page Group 1-1
2018-10-16 15:52:56,596 INFO o.a.j.t.JMeterThread: Thread started: Checkout Flow  2-1
2018-10-16 15:52:56,601 INFO o.a.j.s.FileServer: Stored: ..\data\plpData.csv
2018-10-16 15:52:56,607 INFO o.a.j.s.FileServer: Stored: ..\data\pipData.csv
2018-10-16 15:52:56,611 INFO o.a.j.t.JMeterThread: Thread is done: Checkout Flow  2-1
2018-10-16 15:52:56,611 INFO o.a.j.t.JMeterThread: Thread finished: Checkout Flow  2-1
2018-10-16 15:52:56,626 INFO o.a.j.p.h.s.HTTPHCAbstractImpl: Local host = LAPTOP-1KK8TGLD
2018-10-16 15:52:56,633 INFO o.a.j.p.h.s.HTTPHC4Impl: HTTP request retry count = 0
2018-10-16 15:52:56,872 INFO o.a.j.p.h.s.h.LazyLayeredConnectionSocketFactory: Setting up HTTPS TrustAll Socket Factory
2018-10-16 15:52:56,890 INFO o.a.j.u.JsseSSLManager: Using default SSL protocol: TLS
2018-10-16 15:52:56,891 INFO o.a.j.u.JsseSSLManager: SSL session context: per-thread
2018-10-16 15:52:57,327 INFO o.a.j.u.SSLManager: JmeterKeyStore Location:  type JKS
2018-10-16 15:52:57,333 INFO o.a.j.u.SSLManager: KeyStore created OK
2018-10-16 15:52:57,333 WARN o.a.j.u.SSLManager: Keystore file not found, loading empty keystore
2018-10-16 15:53:01,550 INFO o.a.j.t.JMeterThread: Thread is done: Page Group 1-1
2018-10-16 15:53:01,551 INFO o.a.j.t.JMeterThread: Thread finished: Page Group 1-1
2018-10-16 15:53:01,553 INFO o.a.j.e.StandardJMeterEngine: Notifying test listeners of end of test
2018-10-16 15:53:01,553 INFO o.a.j.s.FileServer: Close: ..\data\plpData.csv
2018-10-16 15:53:01,554 INFO o.a.j.s.FileServer: Close: ..\data\pipData.csv
2018-10-16 15:53:01,555 INFO o.a.j.g.u.JMeterMenuBar: setRunning(false, *local*)
2018-10-16 15:54:34,550 INFO o.a.j.e.StandardJMeterEngine: Running the test!
2018-10-16 15:54:34,552 INFO o.a.j.s.SampleEvent: List of sample_variables: []
2018-10-16 15:54:34,554 INFO o.a.j.g.u.JMeterMenuBar: setRunning(true, *local*)
2018-10-16 15:54:34,651 INFO o.a.j.e.StandardJMeterEngine: Starting ThreadGroup: 1 : Page Group
2018-10-16 15:54:34,651 INFO o.a.j.e.StandardJMeterEngine: Starting 1 threads for group Page Group.
2018-10-16 15:54:34,651 INFO o.a.j.e.StandardJMeterEngine: Thread will continue on error
2018-10-16 15:54:34,651 INFO o.a.j.t.ThreadGroup: Starting thread group... number=1 threads=1 ramp-up=1 perThread=1000.0 delayedStart=false
2018-10-16 15:54:34,653 INFO o.a.j.t.ThreadGroup: Started thread group number 1
2018-10-16 15:54:34,653 INFO o.a.j.e.StandardJMeterEngine: Starting ThreadGroup: 2 : Checkout Flow 
2018-10-16 15:54:34,653 INFO o.a.j.e.StandardJMeterEngine: Starting 1 threads for group Checkout Flow .
2018-10-16 15:54:34,653 INFO o.a.j.e.StandardJMeterEngine: Thread will continue on error
2018-10-16 15:54:34,653 INFO o.a.j.t.ThreadGroup: Starting thread group... number=2 threads=1 ramp-up=1 perThread=1000.0 delayedStart=false
2018-10-16 15:54:34,654 INFO o.a.j.t.ThreadGroup: Started thread group number 2
2018-10-16 15:54:34,654 INFO o.a.j.e.StandardJMeterEngine: All thread groups have been started
2018-10-16 15:54:34,657 INFO o.a.j.t.JMeterThread: Thread started: Page Group 1-1
2018-10-16 15:54:34,660 INFO o.a.j.t.JMeterThread: Thread started: Checkout Flow  2-1
2018-10-16 15:54:34,661 INFO o.a.j.s.FileServer: Stored: ..\data\plpData.csv
2018-10-16 15:54:34,662 INFO o.a.j.s.FileServer: Stored: ..\data\pipData.csv
2018-10-16 15:54:34,665 INFO o.a.j.t.JMeterThread: Thread is done: Checkout Flow  2-1
2018-10-16 15:54:34,665 INFO o.a.j.t.JMeterThread: Thread finished: Checkout Flow  2-1
2018-10-16 15:54:36,172 INFO o.a.j.t.JMeterThread: Thread is done: Page Group 1-1
2018-10-16 15:54:36,172 INFO o.a.j.t.JMeterThread: Thread finished: Page Group 1-1
2018-10-16 15:54:36,173 INFO o.a.j.e.StandardJMeterEngine: Notifying test listeners of end of test
2018-10-16 15:54:36,173 INFO o.a.j.s.FileServer: Close: ..\data\plpData.csv
2018-10-16 15:54:36,174 INFO o.a.j.s.FileServer: Close: ..\data\pipData.csv
2018-10-16 15:54:36,174 INFO o.a.j.g.u.JMeterMenuBar: setRunning(false, *local*)
2018-10-16 15:55:48,853 INFO o.a.j.e.StandardJMeterEngine: Running the test!
2018-10-16 15:55:48,854 INFO o.a.j.s.SampleEvent: List of sample_variables: []
2018-10-16 15:55:48,855 INFO o.a.j.g.u.JMeterMenuBar: setRunning(true, *local*)
2018-10-16 15:55:48,937 INFO o.a.j.e.StandardJMeterEngine: Starting ThreadGroup: 1 : Page Group
2018-10-16 15:55:48,937 INFO o.a.j.e.StandardJMeterEngine: Starting 1 threads for group Page Group.
2018-10-16 15:55:48,937 INFO o.a.j.e.StandardJMeterEngine: Thread will continue on error
2018-10-16 15:55:48,937 INFO o.a.j.t.ThreadGroup: Starting thread group... number=1 threads=1 ramp-up=1 perThread=1000.0 delayedStart=false
2018-10-16 15:55:48,938 INFO o.a.j.t.ThreadGroup: Started thread group number 1
2018-10-16 15:55:48,938 INFO o.a.j.e.StandardJMeterEngine: Starting ThreadGroup: 2 : Checkout Flow 
2018-10-16 15:55:48,938 INFO o.a.j.e.StandardJMeterEngine: Starting 1 threads for group Checkout Flow .
2018-10-16 15:55:48,938 INFO o.a.j.e.StandardJMeterEngine: Thread will continue on error
2018-10-16 15:55:48,939 INFO o.a.j.t.ThreadGroup: Starting thread group... number=2 threads=1 ramp-up=1 perThread=1000.0 delayedStart=false
2018-10-16 15:55:48,940 INFO o.a.j.t.ThreadGroup: Started thread group number 2
2018-10-16 15:55:48,941 INFO o.a.j.e.StandardJMeterEngine: All thread groups have been started
2018-10-16 15:55:48,940 INFO o.a.j.t.JMeterThread: Thread started: Page Group 1-1
2018-10-16 15:55:48,942 INFO o.a.j.s.FileServer: Stored: ..\data\plpData.csv
2018-10-16 15:55:48,944 INFO o.a.j.t.JMeterThread: Thread started: Checkout Flow  2-1
2018-10-16 15:55:48,946 INFO o.a.j.s.FileServer: Stored: ..\data\pipData.csv
2018-10-16 15:55:48,947 INFO o.a.j.t.JMeterThread: Thread is done: Checkout Flow  2-1
2018-10-16 15:55:48,948 INFO o.a.j.t.JMeterThread: Thread finished: Checkout Flow  2-1
2018-10-16 15:55:53,748 INFO o.a.j.t.JMeterThread: Thread is done: Page Group 1-1
2018-10-16 15:55:53,749 INFO o.a.j.t.JMeterThread: Thread finished: Page Group 1-1
2018-10-16 15:55:53,751 INFO o.a.j.e.StandardJMeterEngine: Notifying test listeners of end of test
2018-10-16 15:55:53,751 INFO o.a.j.s.FileServer: Close: ..\data\plpData.csv
2018-10-16 15:55:53,752 INFO o.a.j.s.FileServer: Close: ..\data\pipData.csv
2018-10-16 15:55:53,753 INFO o.a.j.g.u.JMeterMenuBar: setRunning(false, *local*)
2018-10-16 15:58:43,566 INFO o.a.j.e.StandardJMeterEngine: Running the test!
2018-10-16 15:58:43,567 INFO o.a.j.s.SampleEvent: List of sample_variables: []
2018-10-16 15:58:43,568 INFO o.a.j.g.u.JMeterMenuBar: setRunning(true, *local*)
2018-10-16 15:58:43,660 INFO o.a.j.e.StandardJMeterEngine: Starting ThreadGroup: 1 : Page Group
2018-10-16 15:58:43,660 INFO o.a.j.e.StandardJMeterEngine: Starting 1 threads for group Page Group.
2018-10-16 15:58:43,660 INFO o.a.j.e.StandardJMeterEngine: Thread will continue on error
2018-10-16 15:58:43,660 INFO o.a.j.t.ThreadGroup: Starting thread group... number=1 threads=1 ramp-up=1 perThread=1000.0 delayedStart=false
2018-10-16 15:58:43,661 INFO o.a.j.t.ThreadGroup: Started thread group number 1
2018-10-16 15:58:43,661 INFO o.a.j.e.StandardJMeterEngine: Starting ThreadGroup: 2 : Checkout Flow 
2018-10-16 15:58:43,661 INFO o.a.j.e.StandardJMeterEngine: Starting 1 threads for group Checkout Flow .
2018-10-16 15:58:43,661 INFO o.a.j.e.StandardJMeterEngine: Thread will continue on error
2018-10-16 15:58:43,662 INFO o.a.j.t.ThreadGroup: Starting thread group... number=2 threads=1 ramp-up=1 perThread=1000.0 delayedStart=false
2018-10-16 15:58:43,662 INFO o.a.j.t.ThreadGroup: Started thread group number 2
2018-10-16 15:58:43,663 INFO o.a.j.e.StandardJMeterEngine: All thread groups have been started
2018-10-16 15:58:43,664 INFO o.a.j.t.JMeterThread: Thread started: Checkout Flow  2-1
2018-10-16 15:58:43,665 INFO o.a.j.s.FileServer: Stored: ..\data\plpData.csv
2018-10-16 15:58:43,666 INFO o.a.j.s.FileServer: Stored: ..\data\pipData.csv
2018-10-16 15:58:43,666 INFO o.a.j.t.JMeterThread: Thread is done: Checkout Flow  2-1
2018-10-16 15:58:43,667 INFO o.a.j.t.JMeterThread: Thread finished: Checkout Flow  2-1
2018-10-16 15:58:43,670 INFO o.a.j.t.JMeterThread: Thread started: Page Group 1-1
2018-10-16 15:58:46,001 INFO o.a.j.t.JMeterThread: Thread is done: Page Group 1-1
2018-10-16 15:58:46,002 INFO o.a.j.t.JMeterThread: Thread finished: Page Group 1-1
2018-10-16 15:58:46,003 INFO o.a.j.e.StandardJMeterEngine: Notifying test listeners of end of test
2018-10-16 15:58:46,004 INFO o.a.j.s.FileServer: Close: ..\data\plpData.csv
2018-10-16 15:58:46,004 INFO o.a.j.s.FileServer: Close: ..\data\pipData.csv
2018-10-16 15:58:46,005 INFO o.a.j.g.u.JMeterMenuBar: setRunning(false, *local*)
2018-10-16 16:01:52,996 INFO o.a.j.e.StandardJMeterEngine: Running the test!
2018-10-16 16:01:52,998 INFO o.a.j.s.SampleEvent: List of sample_variables: []
2018-10-16 16:01:52,999 INFO o.a.j.g.u.JMeterMenuBar: setRunning(true, *local*)
2018-10-16 16:01:53,103 INFO o.a.j.e.StandardJMeterEngine: Starting ThreadGroup: 1 : Page Group
2018-10-16 16:01:53,103 INFO o.a.j.e.StandardJMeterEngine: Starting 1 threads for group Page Group.
2018-10-16 16:01:53,103 INFO o.a.j.e.StandardJMeterEngine: Thread will continue on error
2018-10-16 16:01:53,103 INFO o.a.j.t.ThreadGroup: Starting thread group... number=1 threads=1 ramp-up=1 perThread=1000.0 delayedStart=false
2018-10-16 16:01:53,104 INFO o.a.j.t.ThreadGroup: Started thread group number 1
2018-10-16 16:01:53,104 INFO o.a.j.e.StandardJMeterEngine: Starting ThreadGroup: 2 : Checkout Flow 
2018-10-16 16:01:53,105 INFO o.a.j.e.StandardJMeterEngine: Starting 1 threads for group Checkout Flow .
2018-10-16 16:01:53,105 INFO o.a.j.e.StandardJMeterEngine: Thread will continue on error
2018-10-16 16:01:53,105 INFO o.a.j.t.ThreadGroup: Starting thread group... number=2 threads=1 ramp-up=1 perThread=1000.0 delayedStart=false
2018-10-16 16:01:53,105 INFO o.a.j.t.ThreadGroup: Started thread group number 2
2018-10-16 16:01:53,106 INFO o.a.j.e.StandardJMeterEngine: All thread groups have been started
2018-10-16 16:01:53,107 INFO o.a.j.t.JMeterThread: Thread started: Page Group 1-1
2018-10-16 16:01:53,108 INFO o.a.j.s.FileServer: Stored: ..\data\plpData.csv
2018-10-16 16:01:53,110 INFO o.a.j.t.JMeterThread: Thread started: Checkout Flow  2-1
2018-10-16 16:01:53,117 INFO o.a.j.s.FileServer: Stored: ..\data\pipData.csv
2018-10-16 16:01:53,118 INFO o.a.j.t.JMeterThread: Thread is done: Checkout Flow  2-1
2018-10-16 16:01:53,118 INFO o.a.j.t.JMeterThread: Thread finished: Checkout Flow  2-1
2018-10-16 16:01:53,759 INFO o.a.j.t.JMeterThread: Thread is done: Page Group 1-1
2018-10-16 16:01:53,759 INFO o.a.j.t.JMeterThread: Thread finished: Page Group 1-1
2018-10-16 16:01:53,762 INFO o.a.j.e.StandardJMeterEngine: Notifying test listeners of end of test
2018-10-16 16:01:53,762 INFO o.a.j.s.FileServer: Close: ..\data\plpData.csv
2018-10-16 16:01:53,763 INFO o.a.j.s.FileServer: Close: ..\data\pipData.csv
2018-10-16 16:01:53,764 INFO o.a.j.g.u.JMeterMenuBar: setRunning(false, *local*)
2018-10-16 16:03:19,168 INFO o.a.j.e.StandardJMeterEngine: Running the test!
2018-10-16 16:03:19,169 INFO o.a.j.s.SampleEvent: List of sample_variables: []
2018-10-16 16:03:19,170 INFO o.a.j.g.u.JMeterMenuBar: setRunning(true, *local*)
2018-10-16 16:03:19,180 INFO o.a.j.e.StandardJMeterEngine: Starting ThreadGroup: 1 : Page Group
2018-10-16 16:03:19,180 INFO o.a.j.e.StandardJMeterEngine: Starting 1 threads for group Page Group.
2018-10-16 16:03:19,180 INFO o.a.j.e.StandardJMeterEngine: Thread will continue on error
2018-10-16 16:03:19,180 INFO o.a.j.t.ThreadGroup: Starting thread group... number=1 threads=1 ramp-up=1 perThread=1000.0 delayedStart=false
2018-10-16 16:03:19,181 INFO o.a.j.t.ThreadGroup: Started thread group number 1
2018-10-16 16:03:19,181 INFO o.a.j.e.StandardJMeterEngine: Starting ThreadGroup: 2 : Checkout Flow 
2018-10-16 16:03:19,181 INFO o.a.j.e.StandardJMeterEngine: Starting 1 threads for group Checkout Flow .
2018-10-16 16:03:19,181 INFO o.a.j.e.StandardJMeterEngine: Thread will continue on error
2018-10-16 16:03:19,181 INFO o.a.j.t.ThreadGroup: Starting thread group... number=2 threads=1 ramp-up=1 perThread=1000.0 delayedStart=false
2018-10-16 16:03:19,182 INFO o.a.j.t.ThreadGroup: Started thread group number 2
2018-10-16 16:03:19,182 INFO o.a.j.e.StandardJMeterEngine: All thread groups have been started
2018-10-16 16:03:19,183 INFO o.a.j.t.JMeterThread: Thread started: Page Group 1-1
2018-10-16 16:03:19,184 INFO o.a.j.s.FileServer: Stored: ..\data\plpData.csv
2018-10-16 16:03:19,185 INFO o.a.j.t.JMeterThread: Thread started: Checkout Flow  2-1
2018-10-16 16:03:19,189 INFO o.a.j.s.FileServer: Stored: ..\data\pipData.csv
2018-10-16 16:03:19,193 INFO o.a.j.t.JMeterThread: Thread is done: Checkout Flow  2-1
2018-10-16 16:03:19,194 INFO o.a.j.t.JMeterThread: Thread finished: Checkout Flow  2-1
2018-10-16 16:03:27,147 INFO o.a.j.t.JMeterThread: Thread is done: Page Group 1-1
2018-10-16 16:03:27,148 INFO o.a.j.t.JMeterThread: Thread finished: Page Group 1-1
2018-10-16 16:03:27,150 INFO o.a.j.e.StandardJMeterEngine: Notifying test listeners of end of test
2018-10-16 16:03:27,150 INFO o.a.j.s.FileServer: Close: ..\data\plpData.csv
2018-10-16 16:03:27,152 INFO o.a.j.s.FileServer: Close: ..\data\pipData.csv
2018-10-16 16:03:27,153 INFO o.a.j.g.u.JMeterMenuBar: setRunning(false, *local*)
